mode: atomic
biathlon/internal/handler/fileHandler.go:21.60,26.2 1 0
biathlon/internal/handler/fileHandler.go:28.37,30.16 2 0
biathlon/internal/handler/fileHandler.go:33.2,33.31 1 0
biathlon/internal/handler/fileHandler.go:40.2,41.16 2 0
biathlon/internal/handler/fileHandler.go:44.2,45.12 2 0
biathlon/internal/handler/fileHandler.go:30.16,32.3 1 0
biathlon/internal/handler/fileHandler.go:33.31,35.17 2 0
biathlon/internal/handler/fileHandler.go:38.3,38.19 1 0
biathlon/internal/handler/fileHandler.go:35.17,37.4 1 0
biathlon/internal/handler/fileHandler.go:41.16,43.3 1 0
biathlon/internal/handler/fileHandler.go:48.61,50.19 2 5
biathlon/internal/handler/fileHandler.go:53.5,60.24 6 4
biathlon/internal/handler/fileHandler.go:111.5,111.33 1 1
biathlon/internal/handler/fileHandler.go:50.19,52.6 1 1
biathlon/internal/handler/fileHandler.go:60.24,63.23 3 9
biathlon/internal/handler/fileHandler.go:67.9,68.27 2 9
biathlon/internal/handler/fileHandler.go:72.9,74.23 3 9
biathlon/internal/handler/fileHandler.go:78.9,79.26 2 8
biathlon/internal/handler/fileHandler.go:83.9,84.23 2 7
biathlon/internal/handler/fileHandler.go:88.9,89.23 2 7
biathlon/internal/handler/fileHandler.go:93.9,93.61 1 7
biathlon/internal/handler/fileHandler.go:96.9,99.26 3 6
biathlon/internal/handler/fileHandler.go:103.9,108.11 1 6
biathlon/internal/handler/fileHandler.go:63.23,64.21 1 0
biathlon/internal/handler/fileHandler.go:68.27,70.10 1 0
biathlon/internal/handler/fileHandler.go:74.23,76.10 1 1
biathlon/internal/handler/fileHandler.go:79.26,81.10 1 1
biathlon/internal/handler/fileHandler.go:84.23,86.10 1 0
biathlon/internal/handler/fileHandler.go:89.23,91.10 1 0
biathlon/internal/handler/fileHandler.go:93.61,95.10 1 1
biathlon/internal/handler/fileHandler.go:99.26,101.10 1 1
